2025-08-19 18:04:46 0 [Note] Starting MariaDB 10.4.32-MariaDB source revision c4143f909528e3fab0677a28631d10389354c491 as process 15828
2025-08-19 18:04:46 0 [Note] InnoDB: Mutexes and rw_locks use Windows interlocked functions
2025-08-19 18:04:46 0 [Note] InnoDB: Uses event mutexes
2025-08-19 18:04:46 0 [Note] InnoDB: Compressed tables use zlib 1.3
2025-08-19 18:04:46 0 [Note] InnoDB: Number of pools: 1
2025-08-19 18:04:46 0 [Note] InnoDB: Using SSE2 crc32 instructions
2025-08-19 18:04:46 0 [Note] InnoDB: Initializing buffer pool, total size = 16M, instances = 1, chunk size = 16M
2025-08-19 18:04:46 0 [Note] InnoDB: Completed initialization of buffer pool
2025-08-19 18:04:46 0 [Note] InnoDB: Starting crash recovery from checkpoint LSN=300288
2025-08-19 18:04:47 0 [Note] InnoDB: 128 out of 128 rollback segments are active.
2025-08-19 18:04:47 0 [Note] InnoDB: Removed temporary tablespace data file: "ibtmp1"
2025-08-19 18:04:47 0 [Note] InnoDB: Creating shared tablespace for temporary tables
2025-08-19 18:04:47 0 [Note] InnoDB: Setting file 'C:\xampp\mysql\data\ibtmp1' size to 12 MB. Physically writing the file full; Please wait ...
2025-08-19 18:04:47 0 [Note] InnoDB: File 'C:\xampp\mysql\data\ibtmp1' size is now 12 MB.
2025-08-19 18:04:47 0 [Note] InnoDB: Waiting for purge to start
2025-08-19 18:04:47 0 [Note] InnoDB: 10.4.32 started; log sequence number 300297; transaction id 170
2025-08-19 18:04:47 0 [Note] InnoDB: Loading buffer pool(s) from C:\xampp\mysql\data\ib_buffer_pool
2025-08-19 18:04:47 0 [Note] Plugin 'FEEDBACK' is disabled.
2025-08-19 18:04:47 0 [Note] InnoDB: Buffer pool(s) load completed at 250819 18:04:47
2025-08-19 18:04:47 0 [Note] Server socket created on IP: '::'.
2025-08-19 18:04:47 0 [Note] Reading of all Master_info entries succeeded
2025-08-19 18:04:47 0 [Note] Added new Master_info '' to hash table
2025-08-19 18:04:47 0 [Note] C:\xampp\mysql\bin\mysqld.exe: ready for connections.
Version: '10.4.32-MariaDB'  socket: ''  port: 3306  mariadb.org binary distribution
2025-08-19 18:15:15 0 [Note] C:\xampp\mysql\bin\mysqld.exe (initiated by: unknown): Normal shutdown
2025-08-19 18:15:15 0 [Note] Event Scheduler: Purging the queue. 0 events
2025-08-19 18:15:15 0 [Note] InnoDB: FTS optimize thread exiting.
2025-08-19 18:15:15 0 [Note] InnoDB: Starting shutdown...
2025-08-19 18:15:15 0 [Note] InnoDB: Dumping buffer pool(s) to C:\xampp\mysql\data\ib_buffer_pool
2025-08-19 18:15:15 0 [Note] InnoDB: Instance 0, restricted to 250 pages due to innodb_buf_pool_dump_pct=25
2025-08-19 18:15:15 0 [Note] InnoDB: Buffer pool(s) dump completed at 250819 18:15:15
2025-08-19 18:15:16 0 [Note] InnoDB: Removed temporary tablespace data file: "ibtmp1"
2025-08-19 18:15:16 0 [Note] InnoDB: Shutdown completed; log sequence number 304583; transaction id 196
2025-08-19 18:15:16 0 [Note] C:\xampp\mysql\bin\mysqld.exe: Shutdown complete

2025-08-20  9:12:11 0 [Note] Starting MariaDB 10.4.32-MariaDB source revision c4143f909528e3fab0677a28631d10389354c491 as process 3316
2025-08-20  9:12:11 0 [Note] InnoDB: Mutexes and rw_locks use Windows interlocked functions
2025-08-20  9:12:11 0 [Note] InnoDB: Uses event mutexes
2025-08-20  9:12:11 0 [Note] InnoDB: Compressed tables use zlib 1.3
2025-08-20  9:12:12 0 [Note] InnoDB: Number of pools: 1
2025-08-20  9:12:12 0 [Note] InnoDB: Using SSE2 crc32 instructions
2025-08-20  9:12:12 0 [Note] InnoDB: Initializing buffer pool, total size = 16M, instances = 1, chunk size = 16M
2025-08-20  9:12:12 0 [Note] InnoDB: Completed initialization of buffer pool
2025-08-20  9:12:12 0 [Note] InnoDB: 128 out of 128 rollback segments are active.
2025-08-20  9:12:12 0 [Note] InnoDB: Creating shared tablespace for temporary tables
2025-08-20  9:12:12 0 [Note] InnoDB: Setting file 'C:\xampp\mysql\data\ibtmp1' size to 12 MB. Physically writing the file full; Please wait ...
2025-08-20  9:12:12 0 [Note] InnoDB: File 'C:\xampp\mysql\data\ibtmp1' size is now 12 MB.
2025-08-20  9:12:12 0 [Note] InnoDB: Waiting for purge to start
2025-08-20  9:12:12 0 [Note] InnoDB: 10.4.32 started; log sequence number 304583; transaction id 197
2025-08-20  9:12:12 0 [Note] InnoDB: Loading buffer pool(s) from C:\xampp\mysql\data\ib_buffer_pool
2025-08-20  9:12:12 0 [Note] Plugin 'FEEDBACK' is disabled.
2025-08-20  9:12:12 0 [Note] Server socket created on IP: '::'.
2025-08-20  9:12:12 0 [Note] InnoDB: Buffer pool(s) load completed at 250820  9:12:12
2025-08-20  9:12:12 0 [Note] Reading of all Master_info entries succeeded
2025-08-20  9:12:12 0 [Note] Added new Master_info '' to hash table
2025-08-20  9:12:12 0 [Note] C:\xampp\mysql\bin\mysqld.exe: ready for connections.
Version: '10.4.32-MariaDB'  socket: ''  port: 3306  mariadb.org binary distribution
2025-08-20 11:14:03 210 [Warning] Access denied for user 'root'@'localhost' (using password: YES)
2025-08-20 11:14:40 211 [Warning] Access denied for user 'root'@'localhost' (using password: YES)
2025-08-20 11:14:46 212 [Warning] Access denied for user 'root'@'localhost' (using password: YES)
2025-08-20 11:15:09 0 [Note] C:\xampp\mysql\bin\mysqld.exe (initiated by: unknown): Normal shutdown
2025-08-20 11:15:09 0 [Note] Event Scheduler: Purging the queue. 0 events
2025-08-20 11:15:09 0 [Note] InnoDB: FTS optimize thread exiting.
2025-08-20 11:15:09 0 [Note] InnoDB: Starting shutdown...
2025-08-20 11:15:09 0 [Note] InnoDB: Dumping buffer pool(s) to C:\xampp\mysql\data\ib_buffer_pool
2025-08-20 11:15:09 0 [Note] InnoDB: Instance 0, restricted to 250 pages due to innodb_buf_pool_dump_pct=25
2025-08-20 11:15:09 0 [Note] InnoDB: Buffer pool(s) dump completed at 250820 11:15:09
2025-08-20 11:15:10 0 [Note] InnoDB: Removed temporary tablespace data file: "ibtmp1"
2025-08-20 11:15:10 0 [Note] InnoDB: Shutdown completed; log sequence number 530303; transaction id 449
2025-08-20 11:15:10 0 [Note] C:\xampp\mysql\bin\mysqld.exe: Shutdown complete

2025-08-20 11:15:15 0 [Note] Starting MariaDB 10.4.32-MariaDB source revision c4143f909528e3fab0677a28631d10389354c491 as process 11580
2025-08-20 11:15:15 0 [Note] InnoDB: Mutexes and rw_locks use Windows interlocked functions
2025-08-20 11:15:15 0 [Note] InnoDB: Uses event mutexes
2025-08-20 11:15:15 0 [Note] InnoDB: Compressed tables use zlib 1.3
2025-08-20 11:15:15 0 [Note] InnoDB: Number of pools: 1
2025-08-20 11:15:15 0 [Note] InnoDB: Using SSE2 crc32 instructions
2025-08-20 11:15:15 0 [Note] InnoDB: Initializing buffer pool, total size = 16M, instances = 1, chunk size = 16M
2025-08-20 11:15:15 0 [Note] InnoDB: Completed initialization of buffer pool
2025-08-20 11:15:15 0 [Note] InnoDB: 128 out of 128 rollback segments are active.
2025-08-20 11:15:15 0 [Note] InnoDB: Creating shared tablespace for temporary tables
2025-08-20 11:15:15 0 [Note] InnoDB: Setting file 'C:\xampp\mysql\data\ibtmp1' size to 12 MB. Physically writing the file full; Please wait ...
2025-08-20 11:15:15 0 [Note] InnoDB: File 'C:\xampp\mysql\data\ibtmp1' size is now 12 MB.
2025-08-20 11:15:15 0 [Note] InnoDB: Waiting for purge to start
2025-08-20 11:15:15 0 [Note] InnoDB: 10.4.32 started; log sequence number 530303; transaction id 450
2025-08-20 11:15:15 0 [Note] InnoDB: Loading buffer pool(s) from C:\xampp\mysql\data\ib_buffer_pool
2025-08-20 11:15:15 0 [Note] Plugin 'FEEDBACK' is disabled.
2025-08-20 11:15:15 0 [Note] Server socket created on IP: '::'.
2025-08-20 11:15:15 0 [Note] InnoDB: Buffer pool(s) load completed at 250820 11:15:15
2025-08-20 11:15:16 0 [Note] Reading of all Master_info entries succeeded
2025-08-20 11:15:16 0 [Note] Added new Master_info '' to hash table
2025-08-20 11:15:16 0 [Note] C:\xampp\mysql\bin\mysqld.exe: ready for connections.
Version: '10.4.32-MariaDB'  socket: ''  port: 3306  mariadb.org binary distribution
2025-08-20 11:15:25 22 [Warning] Access denied for user 'root'@'localhost' (using password: YES)
2025-08-20 11:21:47 79 [Warning] Access denied for user 'root'@'localhost' (using password: YES)
2025-08-20 11:26:34 158 [Warning] Access denied for user 'root'@'localhost' (using password: YES)
2025-08-20 11:27:58 0 [Note] C:\xampp\mysql\bin\mysqld.exe (initiated by: unknown): Normal shutdown
2025-08-20 11:27:58 0 [Note] Event Scheduler: Purging the queue. 0 events
2025-08-20 11:27:58 0 [Note] InnoDB: FTS optimize thread exiting.
2025-08-20 11:27:58 0 [Note] InnoDB: Starting shutdown...
2025-08-20 11:27:58 0 [Note] InnoDB: Dumping buffer pool(s) to C:\xampp\mysql\data\ib_buffer_pool
2025-08-20 11:27:58 0 [Note] InnoDB: Instance 0, restricted to 250 pages due to innodb_buf_pool_dump_pct=25
2025-08-20 11:27:58 0 [Note] InnoDB: Buffer pool(s) dump completed at 250820 11:27:58
2025-08-20 11:27:59 0 [Note] InnoDB: Removed temporary tablespace data file: "ibtmp1"
2025-08-20 11:27:59 0 [Note] InnoDB: Shutdown completed; log sequence number 533587; transaction id 527
2025-08-20 11:27:59 0 [Note] C:\xampp\mysql\bin\mysqld.exe: Shutdown complete

2025-08-20 11:28:03 0 [Note] Starting MariaDB 10.4.32-MariaDB source revision c4143f909528e3fab0677a28631d10389354c491 as process 11020
2025-08-20 11:28:03 0 [Note] InnoDB: Mutexes and rw_locks use Windows interlocked functions
2025-08-20 11:28:03 0 [Note] InnoDB: Uses event mutexes
2025-08-20 11:28:03 0 [Note] InnoDB: Compressed tables use zlib 1.3
2025-08-20 11:28:03 0 [Note] InnoDB: Number of pools: 1
2025-08-20 11:28:03 0 [Note] InnoDB: Using SSE2 crc32 instructions
2025-08-20 11:28:03 0 [Note] InnoDB: Initializing buffer pool, total size = 16M, instances = 1, chunk size = 16M
2025-08-20 11:28:03 0 [Note] InnoDB: Completed initialization of buffer pool
2025-08-20 11:28:03 0 [Note] InnoDB: 128 out of 128 rollback segments are active.
2025-08-20 11:28:03 0 [Note] InnoDB: Creating shared tablespace for temporary tables
2025-08-20 11:28:03 0 [Note] InnoDB: Setting file 'C:\xampp\mysql\data\ibtmp1' size to 12 MB. Physically writing the file full; Please wait ...
2025-08-20 11:28:03 0 [Note] InnoDB: File 'C:\xampp\mysql\data\ibtmp1' size is now 12 MB.
2025-08-20 11:28:03 0 [Note] InnoDB: Waiting for purge to start
2025-08-20 11:28:04 0 [Note] InnoDB: 10.4.32 started; log sequence number 533587; transaction id 514
2025-08-20 11:28:04 0 [Note] InnoDB: Loading buffer pool(s) from C:\xampp\mysql\data\ib_buffer_pool
2025-08-20 11:28:04 0 [Note] Plugin 'FEEDBACK' is disabled.
2025-08-20 11:28:04 0 [Note] Server socket created on IP: '::'.
2025-08-20 11:28:04 0 [Note] Reading of all Master_info entries succeeded
2025-08-20 11:28:04 0 [Note] Added new Master_info '' to hash table
2025-08-20 11:28:04 0 [Note] C:\xampp\mysql\bin\mysqld.exe: ready for connections.
Version: '10.4.32-MariaDB'  socket: ''  port: 3306  mariadb.org binary distribution
2025-08-20 11:28:04 0 [Note] InnoDB: Buffer pool(s) load completed at 250820 11:28:04
2025-08-20 11:28:26 8 [Warning] Access denied for user 'root'@'localhost' (using password: YES)
2025-08-20 11:34:12 0 [Note] C:\xampp\mysql\bin\mysqld.exe (initiated by: unknown): Normal shutdown
2025-08-20 11:34:12 0 [Note] Event Scheduler: Purging the queue. 0 events
2025-08-20 11:34:12 0 [Note] InnoDB: FTS optimize thread exiting.
2025-08-20 11:34:12 0 [Note] InnoDB: Starting shutdown...
2025-08-20 11:34:12 0 [Note] InnoDB: Dumping buffer pool(s) to C:\xampp\mysql\data\ib_buffer_pool
2025-08-20 11:34:12 0 [Note] InnoDB: Instance 0, restricted to 250 pages due to innodb_buf_pool_dump_pct=25
2025-08-20 11:34:12 0 [Note] InnoDB: Buffer pool(s) dump completed at 250820 11:34:12
2025-08-20 11:34:13 0 [Note] InnoDB: Removed temporary tablespace data file: "ibtmp1"
2025-08-20 11:34:13 0 [Note] InnoDB: Shutdown completed; log sequence number 895193; transaction id 981
2025-08-20 11:34:13 0 [Note] C:\xampp\mysql\bin\mysqld.exe: Shutdown complete

2025-08-20 11:34:17 0 [Note] Starting MariaDB 10.4.32-MariaDB source revision c4143f909528e3fab0677a28631d10389354c491 as process 3612
2025-08-20 11:34:17 0 [Note] InnoDB: Mutexes and rw_locks use Windows interlocked functions
2025-08-20 11:34:17 0 [Note] InnoDB: Uses event mutexes
2025-08-20 11:34:17 0 [Note] InnoDB: Compressed tables use zlib 1.3
2025-08-20 11:34:17 0 [Note] InnoDB: Number of pools: 1
2025-08-20 11:34:17 0 [Note] InnoDB: Using SSE2 crc32 instructions
2025-08-20 11:34:17 0 [Note] InnoDB: Initializing buffer pool, total size = 16M, instances = 1, chunk size = 16M
2025-08-20 11:34:17 0 [Note] InnoDB: Completed initialization of buffer pool
2025-08-20 11:34:17 0 [Note] InnoDB: 128 out of 128 rollback segments are active.
2025-08-20 11:34:17 0 [Note] InnoDB: Creating shared tablespace for temporary tables
2025-08-20 11:34:17 0 [Note] InnoDB: Setting file 'C:\xampp\mysql\data\ibtmp1' size to 12 MB. Physically writing the file full; Please wait ...
2025-08-20 11:34:17 0 [Note] InnoDB: File 'C:\xampp\mysql\data\ibtmp1' size is now 12 MB.
2025-08-20 11:34:17 0 [Note] InnoDB: Waiting for purge to start
2025-08-20 11:34:17 0 [Note] InnoDB: 10.4.32 started; log sequence number 895193; transaction id 982
2025-08-20 11:34:17 0 [Note] InnoDB: Loading buffer pool(s) from C:\xampp\mysql\data\ib_buffer_pool
2025-08-20 11:34:17 0 [Note] Plugin 'FEEDBACK' is disabled.
2025-08-20 11:34:18 0 [Note] Server socket created on IP: '::'.
2025-08-20 11:34:18 0 [Note] Reading of all Master_info entries succeeded
2025-08-20 11:34:18 0 [Note] Added new Master_info '' to hash table
2025-08-20 11:34:18 0 [Note] C:\xampp\mysql\bin\mysqld.exe: ready for connections.
Version: '10.4.32-MariaDB'  socket: ''  port: 3306  mariadb.org binary distribution
2025-08-20 11:34:18 0 [Note] InnoDB: Buffer pool(s) load completed at 250820 11:34:18
2025-08-20 11:34:33 8 [Warning] Access denied for user 'root'@'localhost' (using password: YES)
2025-08-20 11:37:37 9 [Warning] Access denied for user 'root'@'localhost' (using password: YES)
2025-08-20 11:45:19 0 [Note] C:\xampp\mysql\bin\mysqld.exe (initiated by: unknown): Normal shutdown
2025-08-20 11:45:19 0 [Note] Event Scheduler: Purging the queue. 0 events
2025-08-20 11:45:19 0 [Note] InnoDB: FTS optimize thread exiting.
2025-08-20 11:45:19 0 [Note] InnoDB: Starting shutdown...
2025-08-20 11:45:19 0 [Note] InnoDB: Dumping buffer pool(s) to C:\xampp\mysql\data\ib_buffer_pool
2025-08-20 11:45:19 0 [Note] InnoDB: Instance 0, restricted to 250 pages due to innodb_buf_pool_dump_pct=25
2025-08-20 11:45:19 0 [Note] InnoDB: Buffer pool(s) dump completed at 250820 11:45:19
2025-08-20 11:45:19 0 [Note] InnoDB: Removed temporary tablespace data file: "ibtmp1"
2025-08-20 11:45:19 0 [Note] InnoDB: Shutdown completed; log sequence number 900085; transaction id 1026
2025-08-20 11:45:19 0 [Note] C:\xampp\mysql\bin\mysqld.exe: Shutdown complete

2025-08-20 11:45:21 0 [Note] Starting MariaDB 10.4.32-MariaDB source revision c4143f909528e3fab0677a28631d10389354c491 as process 6452
2025-08-20 11:45:21 0 [Note] InnoDB: Mutexes and rw_locks use Windows interlocked functions
2025-08-20 11:45:21 0 [Note] InnoDB: Uses event mutexes
2025-08-20 11:45:21 0 [Note] InnoDB: Compressed tables use zlib 1.3
2025-08-20 11:45:21 0 [Note] InnoDB: Number of pools: 1
2025-08-20 11:45:21 0 [Note] InnoDB: Using SSE2 crc32 instructions
2025-08-20 11:45:21 0 [Note] InnoDB: Initializing buffer pool, total size = 16M, instances = 1, chunk size = 16M
2025-08-20 11:45:21 0 [Note] InnoDB: Completed initialization of buffer pool
2025-08-20 11:45:21 0 [Note] InnoDB: 128 out of 128 rollback segments are active.
2025-08-20 11:45:21 0 [Note] InnoDB: Creating shared tablespace for temporary tables
2025-08-20 11:45:21 0 [Note] InnoDB: Setting file 'C:\xampp\mysql\data\ibtmp1' size to 12 MB. Physically writing the file full; Please wait ...
2025-08-20 11:45:21 0 [Note] InnoDB: File 'C:\xampp\mysql\data\ibtmp1' size is now 12 MB.
2025-08-20 11:45:21 0 [Note] InnoDB: Waiting for purge to start
2025-08-20 11:45:21 0 [Note] InnoDB: 10.4.32 started; log sequence number 900085; transaction id 1027
2025-08-20 11:45:21 0 [Note] InnoDB: Loading buffer pool(s) from C:\xampp\mysql\data\ib_buffer_pool
2025-08-20 11:45:21 0 [Note] Plugin 'FEEDBACK' is disabled.
2025-08-20 11:45:21 0 [Note] Server socket created on IP: '::'.
2025-08-20 11:45:21 0 [Note] Reading of all Master_info entries succeeded
2025-08-20 11:45:21 0 [Note] Added new Master_info '' to hash table
2025-08-20 11:45:21 0 [Note] C:\xampp\mysql\bin\mysqld.exe: ready for connections.
Version: '10.4.32-MariaDB'  socket: ''  port: 3306  mariadb.org binary distribution
2025-08-20 11:45:21 0 [Note] InnoDB: Buffer pool(s) load completed at 250820 11:45:21
2025-08-20 11:46:15 52 [Warning] Access denied for user 'root'@'localhost' (using password: YES)
2025-08-20 11:49:18 161 [Warning] Access denied for user 'root'@'localhost' (using password: YES)
2025-08-20 11:52:13 0 [Note] C:\xampp\mysql\bin\mysqld.exe (initiated by: unknown): Normal shutdown
2025-08-20 11:52:13 0 [Note] Event Scheduler: Purging the queue. 0 events
2025-08-20 11:52:13 0 [Note] InnoDB: FTS optimize thread exiting.
2025-08-20 11:52:13 0 [Note] InnoDB: Starting shutdown...
2025-08-20 11:52:13 0 [Note] InnoDB: Dumping buffer pool(s) to C:\xampp\mysql\data\ib_buffer_pool
2025-08-20 11:52:13 0 [Note] InnoDB: Instance 0, restricted to 250 pages due to innodb_buf_pool_dump_pct=25
2025-08-20 11:52:13 0 [Note] InnoDB: Buffer pool(s) dump completed at 250820 11:52:13
2025-08-20 11:52:13 0 [Note] InnoDB: Removed temporary tablespace data file: "ibtmp1"
2025-08-20 11:52:13 0 [Note] InnoDB: Shutdown completed; log sequence number 904891; transaction id 1101
2025-08-20 11:52:13 0 [Note] C:\xampp\mysql\bin\mysqld.exe: Shutdown complete

2025-08-20 11:52:34 0 [Note] Starting MariaDB 10.4.32-MariaDB source revision c4143f909528e3fab0677a28631d10389354c491 as process 3292
2025-08-20 11:52:34 0 [Note] InnoDB: Mutexes and rw_locks use Windows interlocked functions
2025-08-20 11:52:34 0 [Note] InnoDB: Uses event mutexes
2025-08-20 11:52:34 0 [Note] InnoDB: Compressed tables use zlib 1.3
2025-08-20 11:52:34 0 [Note] InnoDB: Number of pools: 1
2025-08-20 11:52:34 0 [Note] InnoDB: Using SSE2 crc32 instructions
2025-08-20 11:52:34 0 [Note] InnoDB: Initializing buffer pool, total size = 16M, instances = 1, chunk size = 16M
2025-08-20 11:52:34 0 [Note] InnoDB: Completed initialization of buffer pool
2025-08-20 11:52:34 0 [Note] InnoDB: 128 out of 128 rollback segments are active.
2025-08-20 11:52:34 0 [Note] InnoDB: Creating shared tablespace for temporary tables
2025-08-20 11:52:34 0 [Note] InnoDB: Setting file 'C:\xampp\mysql\data\ibtmp1' size to 12 MB. Physically writing the file full; Please wait ...
2025-08-20 11:52:34 0 [Note] InnoDB: File 'C:\xampp\mysql\data\ibtmp1' size is now 12 MB.
2025-08-20 11:52:34 0 [Note] InnoDB: Waiting for purge to start
2025-08-20 11:52:34 0 [Note] InnoDB: 10.4.32 started; log sequence number 904891; transaction id 1102
2025-08-20 11:52:34 0 [Note] InnoDB: Loading buffer pool(s) from C:\xampp\mysql\data\ib_buffer_pool
2025-08-20 11:52:34 0 [Note] Plugin 'FEEDBACK' is disabled.
2025-08-20 11:52:34 0 [Note] Server socket created on IP: '::'.
2025-08-20 11:52:34 0 [Note] Reading of all Master_info entries succeeded
2025-08-20 11:52:34 0 [Note] Added new Master_info '' to hash table
2025-08-20 11:52:34 0 [Note] C:\xampp\mysql\bin\mysqld.exe: ready for connections.
Version: '10.4.32-MariaDB'  socket: ''  port: 3306  mariadb.org binary distribution
2025-08-20 11:52:34 0 [Note] InnoDB: Buffer pool(s) load completed at 250820 11:52:34
2025-08-20 11:54:41 24 [Warning] Access denied for user 'root'@'localhost' (using password: YES)
2025-08-20 11:56:28 63 [Warning] Access denied for user 'root'@'localhost' (using password: YES)
2025-08-20 11:59:17 0 [Note] C:\xampp\mysql\bin\mysqld.exe (initiated by: unknown): Normal shutdown
2025-08-20 11:59:17 0 [Note] Event Scheduler: Purging the queue. 0 events
2025-08-20 11:59:17 0 [Note] InnoDB: FTS optimize thread exiting.
2025-08-20 11:59:17 0 [Note] InnoDB: Starting shutdown...
2025-08-20 11:59:17 0 [Note] InnoDB: Dumping buffer pool(s) to C:\xampp\mysql\data\ib_buffer_pool
2025-08-20 11:59:17 0 [Note] InnoDB: Instance 0, restricted to 250 pages due to innodb_buf_pool_dump_pct=25
2025-08-20 11:59:17 0 [Note] InnoDB: Buffer pool(s) dump completed at 250820 11:59:17
2025-08-20 11:59:18 0 [Note] InnoDB: Removed temporary tablespace data file: "ibtmp1"
2025-08-20 11:59:18 0 [Note] InnoDB: Shutdown completed; log sequence number 905314; transaction id 1124
2025-08-20 11:59:18 0 [Note] C:\xampp\mysql\bin\mysqld.exe: Shutdown complete

2025-08-20 11:59:25 0 [Note] Starting MariaDB 10.4.32-MariaDB source revision c4143f909528e3fab0677a28631d10389354c491 as process 5624
2025-08-20 11:59:25 0 [Note] InnoDB: Mutexes and rw_locks use Windows interlocked functions
2025-08-20 11:59:25 0 [Note] InnoDB: Uses event mutexes
2025-08-20 11:59:25 0 [Note] InnoDB: Compressed tables use zlib 1.3
2025-08-20 11:59:25 0 [Note] InnoDB: Number of pools: 1
2025-08-20 11:59:25 0 [Note] InnoDB: Using SSE2 crc32 instructions
2025-08-20 11:59:25 0 [Note] InnoDB: Initializing buffer pool, total size = 16M, instances = 1, chunk size = 16M
2025-08-20 11:59:25 0 [Note] InnoDB: Completed initialization of buffer pool
2025-08-20 11:59:25 0 [Note] InnoDB: 128 out of 128 rollback segments are active.
2025-08-20 11:59:25 0 [Note] InnoDB: Creating shared tablespace for temporary tables
2025-08-20 11:59:25 0 [Note] InnoDB: Setting file 'C:\xampp\mysql\data\ibtmp1' size to 12 MB. Physically writing the file full; Please wait ...
2025-08-20 11:59:25 0 [Note] InnoDB: File 'C:\xampp\mysql\data\ibtmp1' size is now 12 MB.
2025-08-20 11:59:25 0 [Note] InnoDB: Waiting for purge to start
2025-08-20 11:59:25 0 [Note] InnoDB: 10.4.32 started; log sequence number 905314; transaction id 1125
2025-08-20 11:59:25 0 [Note] InnoDB: Loading buffer pool(s) from C:\xampp\mysql\data\ib_buffer_pool
2025-08-20 11:59:25 0 [Note] Plugin 'FEEDBACK' is disabled.
2025-08-20 11:59:25 0 [Note] Server socket created on IP: '::'.
2025-08-20 11:59:36 0 [Note] Starting MariaDB 10.4.32-MariaDB source revision c4143f909528e3fab0677a28631d10389354c491 as process 4232
2025-08-20 11:59:36 0 [Note] InnoDB: Mutexes and rw_locks use Windows interlocked functions
2025-08-20 11:59:36 0 [Note] InnoDB: Uses event mutexes
2025-08-20 11:59:36 0 [Note] InnoDB: Compressed tables use zlib 1.3
2025-08-20 11:59:36 0 [Note] InnoDB: Number of pools: 1
2025-08-20 11:59:36 0 [Note] InnoDB: Using SSE2 crc32 instructions
2025-08-20 11:59:36 0 [Note] InnoDB: Initializing buffer pool, total size = 16M, instances = 1, chunk size = 16M
2025-08-20 11:59:36 0 [Note] InnoDB: Completed initialization of buffer pool
2025-08-20 11:59:36 0 [Note] InnoDB: Starting crash recovery from checkpoint LSN=905314
2025-08-20 11:59:37 0 [Note] InnoDB: 128 out of 128 rollback segments are active.
2025-08-20 11:59:37 0 [Note] InnoDB: Removed temporary tablespace data file: "ibtmp1"
2025-08-20 11:59:37 0 [Note] InnoDB: Creating shared tablespace for temporary tables
2025-08-20 11:59:37 0 [Note] InnoDB: Setting file 'C:\xampp\mysql\data\ibtmp1' size to 12 MB. Physically writing the file full; Please wait ...
2025-08-20 11:59:37 0 [Note] InnoDB: File 'C:\xampp\mysql\data\ibtmp1' size is now 12 MB.
2025-08-20 11:59:37 0 [Note] InnoDB: Waiting for purge to start
2025-08-20 11:59:37 0 [Note] InnoDB: 10.4.32 started; log sequence number 905323; transaction id 1125
2025-08-20 11:59:37 0 [Note] InnoDB: Loading buffer pool(s) from C:\xampp\mysql\data\ib_buffer_pool
2025-08-20 11:59:37 0 [Note] Plugin 'FEEDBACK' is disabled.
2025-08-20 11:59:37 0 [Note] Server socket created on IP: '::'.
2025-08-20 11:59:37 0 [Note] Reading of all Master_info entries succeeded
2025-08-20 11:59:37 0 [Note] Added new Master_info '' to hash table
2025-08-20 11:59:37 0 [Note] C:\xampp\mysql\bin\mysqld.exe: ready for connections.
Version: '10.4.32-MariaDB'  socket: ''  port: 3306  mariadb.org binary distribution
2025-08-20 11:59:37 0 [Note] InnoDB: Buffer pool(s) load completed at 250820 11:59:37
2025-08-20 11:59:52 22 [Warning] Access denied for user 'root'@'localhost' (using password: YES)
2025-08-20 12:06:00 144 [Warning] Aborted connection 144 to db: 'walinux' user: 'root' host: 'localhost' (Got an error reading communication packets)
2025-08-20 12:12:00 193 [Warning] Access denied for user 'root'@'localhost' (using password: YES)
2025-08-20 12:12:13 194 [Warning] Access denied for user 'root'@'localhost' (using password: YES)
2025-08-20 12:13:07 207 [Warning] Access denied for user 'root'@'localhost' (using password: YES)
2025-08-20 12:13:25 208 [Warning] Access denied for user 'root'@'localhost' (using password: YES)
2025-08-20 12:13:57 221 [Warning] Access denied for user 'root'@'localhost' (using password: YES)
2025-08-20 12:14:30 0 [Note] C:\xampp\mysql\bin\mysqld.exe (initiated by: unknown): Normal shutdown
2025-08-20 12:14:30 0 [Note] Event Scheduler: Purging the queue. 0 events
2025-08-20 12:14:30 0 [Note] InnoDB: FTS optimize thread exiting.
2025-08-20 12:14:30 0 [Note] InnoDB: Starting shutdown...
2025-08-20 12:14:30 0 [Note] InnoDB: Dumping buffer pool(s) to C:\xampp\mysql\data\ib_buffer_pool
2025-08-20 12:14:30 0 [Note] InnoDB: Instance 0, restricted to 250 pages due to innodb_buf_pool_dump_pct=25
2025-08-20 12:14:30 0 [Note] InnoDB: Buffer pool(s) dump completed at 250820 12:14:30
2025-08-20 12:14:31 0 [Note] InnoDB: Removed temporary tablespace data file: "ibtmp1"
2025-08-20 12:14:31 0 [Note] InnoDB: Shutdown completed; log sequence number 927266; transaction id 1308
2025-08-20 12:14:31 0 [Note] C:\xampp\mysql\bin\mysqld.exe: Shutdown complete

2025-08-20 12:14:33 0 [Note] Starting MariaDB 10.4.32-MariaDB source revision c4143f909528e3fab0677a28631d10389354c491 as process 1628
2025-08-20 12:14:33 0 [Note] InnoDB: Mutexes and rw_locks use Windows interlocked functions
2025-08-20 12:14:33 0 [Note] InnoDB: Uses event mutexes
2025-08-20 12:14:33 0 [Note] InnoDB: Compressed tables use zlib 1.3
2025-08-20 12:14:33 0 [Note] InnoDB: Number of pools: 1
2025-08-20 12:14:33 0 [Note] InnoDB: Using SSE2 crc32 instructions
2025-08-20 12:14:33 0 [Note] InnoDB: Initializing buffer pool, total size = 16M, instances = 1, chunk size = 16M
2025-08-20 12:14:33 0 [Note] InnoDB: Completed initialization of buffer pool
2025-08-20 12:14:33 0 [Note] InnoDB: 128 out of 128 rollback segments are active.
2025-08-20 12:14:33 0 [Note] InnoDB: Creating shared tablespace for temporary tables
2025-08-20 12:14:33 0 [Note] InnoDB: Setting file 'C:\xampp\mysql\data\ibtmp1' size to 12 MB. Physically writing the file full; Please wait ...
2025-08-20 12:14:33 0 [Note] InnoDB: File 'C:\xampp\mysql\data\ibtmp1' size is now 12 MB.
2025-08-20 12:14:33 0 [Note] InnoDB: Waiting for purge to start
2025-08-20 12:14:34 0 [Note] InnoDB: 10.4.32 started; log sequence number 927266; transaction id 1309
2025-08-20 12:14:34 0 [Note] InnoDB: Loading buffer pool(s) from C:\xampp\mysql\data\ib_buffer_pool
2025-08-20 12:14:34 0 [Note] Plugin 'FEEDBACK' is disabled.
2025-08-20 12:14:34 0 [Note] Server socket created on IP: '::'.
2025-08-20 12:14:34 0 [Note] InnoDB: Buffer pool(s) load completed at 250820 12:14:34
2025-08-20 12:14:34 0 [Note] Reading of all Master_info entries succeeded
2025-08-20 12:14:34 0 [Note] Added new Master_info '' to hash table
2025-08-20 12:14:34 0 [Note] C:\xampp\mysql\bin\mysqld.exe: ready for connections.
Version: '10.4.32-MariaDB'  socket: ''  port: 3306  mariadb.org binary distribution
2025-08-20 12:18:21 0 [Note] C:\xampp\mysql\bin\mysqld.exe (initiated by: unknown): Normal shutdown
2025-08-20 12:18:21 0 [Note] Event Scheduler: Purging the queue. 0 events
2025-08-20 12:18:21 0 [Note] InnoDB: FTS optimize thread exiting.
2025-08-20 12:18:21 0 [Note] InnoDB: Starting shutdown...
2025-08-20 12:18:21 0 [Note] InnoDB: Dumping buffer pool(s) to C:\xampp\mysql\data\ib_buffer_pool
2025-08-20 12:18:21 0 [Note] InnoDB: Instance 0, restricted to 250 pages due to innodb_buf_pool_dump_pct=25
2025-08-20 12:18:21 0 [Note] InnoDB: Buffer pool(s) dump completed at 250820 12:18:21
2025-08-20 12:18:21 0 [Note] InnoDB: Removed temporary tablespace data file: "ibtmp1"
2025-08-20 12:18:21 0 [Note] InnoDB: Shutdown completed; log sequence number 960229; transaction id 1379
2025-08-20 12:18:21 0 [Note] C:\xampp\mysql\bin\mysqld.exe: Shutdown complete

2025-08-21 13:45:16 0 [Note] Starting MariaDB 10.4.32-MariaDB source revision c4143f909528e3fab0677a28631d10389354c491 as process 11108
2025-08-21 13:45:16 0 [Note] InnoDB: Mutexes and rw_locks use Windows interlocked functions
2025-08-21 13:45:16 0 [Note] InnoDB: Uses event mutexes
2025-08-21 13:45:16 0 [Note] InnoDB: Compressed tables use zlib 1.3
2025-08-21 13:45:16 0 [Note] InnoDB: Number of pools: 1
2025-08-21 13:45:16 0 [Note] InnoDB: Using SSE2 crc32 instructions
2025-08-21 13:45:16 0 [Note] InnoDB: Initializing buffer pool, total size = 16M, instances = 1, chunk size = 16M
2025-08-21 13:45:16 0 [Note] InnoDB: Completed initialization of buffer pool
2025-08-21 13:45:17 0 [Note] InnoDB: 128 out of 128 rollback segments are active.
2025-08-21 13:45:17 0 [Note] InnoDB: Removed temporary tablespace data file: "ibtmp1"
2025-08-21 13:45:17 0 [Note] InnoDB: Creating shared tablespace for temporary tables
2025-08-21 13:45:17 0 [Note] InnoDB: Setting file 'C:\xampp\mysql\data\ibtmp1' size to 12 MB. Physically writing the file full; Please wait ...
2025-08-21 13:45:17 0 [Note] InnoDB: File 'C:\xampp\mysql\data\ibtmp1' size is now 12 MB.
2025-08-21 13:45:17 0 [Note] InnoDB: Waiting for purge to start
2025-08-21 13:45:17 0 [Note] InnoDB: 10.4.32 started; log sequence number 960229; transaction id 1380
2025-08-21 13:45:17 0 [Note] InnoDB: Loading buffer pool(s) from C:\xampp\mysql\data\ib_buffer_pool
2025-08-21 13:45:17 0 [Note] Plugin 'FEEDBACK' is disabled.
2025-08-21 13:45:17 0 [Note] Server socket created on IP: '::'.
2025-08-21 13:45:17 0 [Note] Reading of all Master_info entries succeeded
2025-08-21 13:45:17 0 [Note] Added new Master_info '' to hash table
2025-08-21 13:45:17 0 [Note] C:\xampp\mysql\bin\mysqld.exe: ready for connections.
Version: '10.4.32-MariaDB'  socket: ''  port: 3306  mariadb.org binary distribution
2025-08-21 13:45:17 0 [Note] InnoDB: Buffer pool(s) load completed at 250821 13:45:17
2025-08-21 13:46:11 33 [Warning] Access denied for user 'root'@'localhost' (using password: NO)
2025-08-21 13:46:22 35 [Warning] Access denied for user 'root'@'localhost' (using password: NO)
2025-08-21 13:46:30 37 [Warning] Access denied for user 'root'@'localhost' (using password: NO)
